<?xml version="1.0" encoding="UTF-8"?>
<!-- Generated by org.testng.reporters.JUnitReportReporter -->
<testsuite hostname="SanjeevKumarP" failures="0" tests="4" name="Payments.ElectricityPayments" time="31.924" errors="0" timestamp="2024-06-24T18:40:28 IST" skipped="0">
  <testcase classname="Payments.ElectricityPayments" name="browserinitiation" time="2.988"/>
  <testcase classname="Payments.ElectricityPayments" name="billdetails" time="18.701"/>
  <testcase classname="Payments.ElectricityPayments" name="bill" time="0.859"/>
  <testcase classname="Payments.ElectricityPayments" name="screenshot" time="9.376"/>
</testsuite> <!-- Payments.ElectricityPayments -->
